[96;1m=================[0m
[96;1m   GsDevKit script: startTopaz devKit_351b -u WebServer -il[0m
[96;1m              path: /home/gemstone/GsDevKit_home/bin/startTopaz[0m
[96;1m=================[0m
[Info]: Loaded /home/gemstone/GsDevKit_home/server/stones/devKit_351b/product/lib/libgcilnk-3.5.1-64.so
 _____________________________________________________________________________
|                             Configuration Files                             |
|                                                                             |
| System File: /home/gemstone/GsDevKit_home/server/stones/devKit_351b/extents/system.conf
|                                                                             |
| Executable File: /home/gemstone/GsDevKit_home/server/stones/devKit_351b/gem.conf
|_____________________________________________________________________________|
Reading config file /home/gemstone/GsDevKit_home/server/stones/devKit_351b/extents/system.conf
Reading config file /home/gemstone/GsDevKit_home/server/stones/devKit_351b/gem.conf
 _____________________________________________________________________________
|               Gem Configuration Options for process id 14279                |
|_____________________________________________________________________________|

CONFIG_WARNINGS_FATAL = FALSE;
DUMP_OPTIONS = TRUE;
GEM_ABORT_MAX_CRS = 100000;
GEM_CACHE_WARMER_ARGS = "";
GEM_CACHE_WARMER_MID_CACHE_ARGS = "";
GEM_COMPRESS_TRANLOG_RECORDS = TRUE;
GEM_ENV = "";
GEM_FREE_FRAME_CACHE_SIZE = -1;
GEM_FREE_FRAME_LIMIT = -1;
GEM_FREE_PAGEIDS_CACHE = 200;
GEM_HALT_ON_ERROR = -1;
GEM_KEEP_MIN_SOFTREFS = 0;
GEM_KERBEROS_KEYTAB_FILE = "";
GEM_KEYRING_DIRS = "";
GEM_LISTEN_FOR_DEBUG = FALSE;
GEM_MAX_SMALLTALK_STACK_DEPTH = 1000;
GEM_NATIVE_CODE_ENABLED = 2;
GEM_PGSVR_COMPRESS_PAGE_TRANSFERS = TRUE;
GEM_PGSVR_FREE_FRAME_CACHE_SIZE = -1;
GEM_PGSVR_FREE_FRAME_LIMIT = -1;
GEM_PGSVR_UPDATE_CACHE_ON_READ = TRUE;
GEM_PGSVR_USE_SSL = FALSE;
GEM_READ_AUTH_ERR_STUBS = FALSE;
GEM_REPOSITORY_IN_MEMORY = FALSE;
GEM_RPCGCI_TIMEOUT = 0;
GEM_RPC_KEEPALIVE_INTERVAL = 0;
GEM_RPC_USE_SSL = TRUE;
GEM_SOFTREF_CLEANUP_PERCENT_MEM = 50;
GEM_SOLO_EXTENT = "$GEMSTONE/bin/extent0.dbf";
GEM_STATMONITOR_ARGS = "";
GEM_STATMONITOR_MID_CACHE_ARGS = "";
GEM_TEMPOBJ_AGGRESSIVE_STUBBING = TRUE;
GEM_TEMPOBJ_CACHE_SIZE = 50000KB;
GEM_TEMPOBJ_CONSECUTIVE_MARKSWEEP_LIMIT = 50;
GEM_TEMPOBJ_MESPACE_SIZE = 0;
GEM_TEMPOBJ_OOMSTATS_CSV = FALSE;
GEM_TEMPOBJ_OOPMAP_SIZE = 0;
GEM_TEMPOBJ_PERMGEN_SIZE = 0;
GEM_TEMPOBJ_POMGEN_PRUNE_ON_VOTE = 90;
GEM_TEMPOBJ_POMGEN_SCAVENGE_INTERVAL = 1800;
GEM_TEMPOBJ_POMGEN_SIZE = 0;
GEM_TEMPOBJ_SCOPES_SIZE = 2000;
LOG_WARNINGS = TRUE;
SHR_NUM_FREE_FRAME_SERVERS = -1;
SHR_PAGE_CACHE_LARGE_MEMORY_PAGE_POLICY = 0;
SHR_PAGE_CACHE_LARGE_MEMORY_PAGE_SIZE_MB = 2MB;
SHR_PAGE_CACHE_LOCKED = FALSE;
SHR_PAGE_CACHE_NUM_PROCS = 117;
SHR_PAGE_CACHE_NUM_SHARED_COUNTERS = 1900;
SHR_PAGE_CACHE_PERMISSIONS = 0660;
SHR_PAGE_CACHE_SIZE_KB = 500000KB;
SHR_SPIN_LOCK_COUNT = 1;
SHR_TARGET_FREE_FRAME_COUNT = -1;
SHR_WELL_KNOWN_PORT_NUMBER = 0;
(vmGc spaceSizes: eden init 2048K max 9344K , survivor init 448K max 1600K,
 vmGc    old max 37440K, code max 10048K, perm max 5056K, pom 10 * 4224K = 42240K,
 vmGc    remSet 1156K, meSpace max 51540K oopMapSize 262144  max footprint 160M)
 _____________________________________________________________________________
|             GemStone/S64 Object-Oriented Data Management System             |
|                   Copyright (C) GemTalk Systems 1986-2019                   |
|                            All rights reserved.                             |
|                           Covered by U.S Patents:                           |
|      6,256,637 Transactional virtual machine architecture (1998-2018)       |
|        6,360,219 Object queues with concurrent updating (1998-2018)         |
|            6,567,905 Generational Garbage Collector (2001-2021)             |
|    6,681,226 Selective Pessimistic Locking for a Concurrently Updateable    |
|                            Database (2001-2021)                             |
+-----------------------------------------------------------------------------+
|    PROGRAM: topaz, Linear GemStone Interface (Linked Session)               |
|    VERSION: 3.5.1, Wed Nov 27 12:40:03 2019                                 |
|      BUILD: gss64_3_5_x_branch-47406                                        |
|  BUILT FOR: x86-64 (Linux)                                                  |
| RUNNING ON: 1-CPU localhost.localdomain x86_64 (Linux 3.10.0-1062.12.1.el7.x86_64
| #1 SMP Tue Feb 4 23:02:59 UTC 2020)                                         |
|  PROCESSOR: 1-core Intel(R) Core(TM) i7-3630QM CPU @ 2.40GHz (Ivy Bridge)   |
|     MEMORY: 972 MB                                                          |
| PROCESS ID: 14279     DATE: 03/05/2020 11:01:49 EST  (UTC -5:00)            |
|   USER IDS: REAL=gemstone (1000) EFFECTIVE=gemstone (1000) LOGIN=gemstone (1000)
+-----------------------------------------------------------------------------+
|   GEMSTONE_NRS_ALL = #dir:$GEMSTONE_LOGDIR#log:%N%P.log                     |
|_____________________________________________________________________________|
topaz> set user DataCurator password swordfish gemstone devKit_351b
topaz> login
[Info]: LNK client/gem GCI levels = 35100/35100
--- 03/05/2020 11:01:49.195 EST Login
[Info]: User ID: DataCurator
[Info]: Repository: devKit_351b
[Info]: Session ID: 6 login at 03/05/2020 11:01:49.208 EST
[Info]: GCI Client Host: <Linked>
[Info]: Page server PID: -1
[Info]: using libicu version 58.2
[Info]: Gave this process preference for OOM killer: wrote to /proc/14279/oom_score_adj value 250
[03/05/2020 11:01:49.244 EST]
  gci login: currSession 1  linked session 
successful login
 fileformat is now utf8
sourcestringclass is now Unicode16 
topaz 1> exec 
   | handler commitThreshold usedMemory |
   commitThreshold := 80.
   handler := AlmostOutOfMemory addDefaultHandler: [ :ex | 
     Transcript show: ('AlmostOutOfMemory: ', ex printString); cr.
     System commitTransaction ifFalse: [Transcript show: 'AutoCommit failed'. nil error: 'AutoCommit failed' ].
     System _vmMarkSweep. "GC executed to remove unnecessary objects"
     Transcript show: ('GC Executed'); cr. 
     usedMemory := System _tempObjSpacePercentUsedLastMark.
     Transcript show: ('Used Memory: ', usedMemory printString); cr. 
     (usedMemory < commitThreshold)
     ifTrue: [System enableAlmostOutOfMemoryError]"we are cool the memory droped below threshold"
     ifFalse: [(ObjectLogEntry trace: 'AlmostOutOfMemory' object: (System _vmInstanceCounts: 3)) addToLog.
               System commitTransaction].
     ex resume.
   ].
   SessionTemps current at: #'AlmostOutOfMemoryStaticException' put: handler.
   System signalAlmostOutOfMemoryThreshold: commitThreshold.
  OrbeonLayerAppLinuxScripts startOnPortScript: 8787.
%
ERROR 2010 , a MessageNotUnderstood occurred (error 2010), a UndefinedObject does not understand  #'executeStartGemCommand:' (MessageNotUnderstood)
topaz 1> exit
Logging out session 1.
--- 03/05/2020 11:01:49.272 EST Logging out
[91;1mError on or near line 64 :: startTopaz devKit_351b -u WebServer -il :: startTopaz devKit_351b -u WebServer -il[0m
[96;1m=================[0m
[96;1m   GsDevKit script: startTopaz devKit_351b -il[0m
[96;1m              path: /home/gemstone/GsDevKit_home/bin/startTopaz[0m
[96;1m=================[0m
[Info]: Loaded /home/gemstone/GsDevKit_home/server/stones/devKit_351b/product/lib/libgcilnk-3.5.1-64.so
 _____________________________________________________________________________
|                             Configuration Files                             |
|                                                                             |
| System File: /home/gemstone/GsDevKit_home/server/stones/devKit_351b/extents/system.conf
|                                                                             |
| Executable File: /home/gemstone/GsDevKit_home/server/stones/devKit_351b/gem.conf
|_____________________________________________________________________________|
Reading config file /home/gemstone/GsDevKit_home/server/stones/devKit_351b/extents/system.conf
Reading config file /home/gemstone/GsDevKit_home/server/stones/devKit_351b/gem.conf
 _____________________________________________________________________________
|               Gem Configuration Options for process id 14316                |
|_____________________________________________________________________________|

CONFIG_WARNINGS_FATAL = FALSE;
DUMP_OPTIONS = TRUE;
GEM_ABORT_MAX_CRS = 100000;
GEM_CACHE_WARMER_ARGS = "";
GEM_CACHE_WARMER_MID_CACHE_ARGS = "";
GEM_COMPRESS_TRANLOG_RECORDS = TRUE;
GEM_ENV = "";
GEM_FREE_FRAME_CACHE_SIZE = -1;
GEM_FREE_FRAME_LIMIT = -1;
GEM_FREE_PAGEIDS_CACHE = 200;
GEM_HALT_ON_ERROR = -1;
GEM_KEEP_MIN_SOFTREFS = 0;
GEM_KERBEROS_KEYTAB_FILE = "";
GEM_KEYRING_DIRS = "";
GEM_LISTEN_FOR_DEBUG = FALSE;
GEM_MAX_SMALLTALK_STACK_DEPTH = 1000;
GEM_NATIVE_CODE_ENABLED = 2;
GEM_PGSVR_COMPRESS_PAGE_TRANSFERS = TRUE;
GEM_PGSVR_FREE_FRAME_CACHE_SIZE = -1;
GEM_PGSVR_FREE_FRAME_LIMIT = -1;
GEM_PGSVR_UPDATE_CACHE_ON_READ = TRUE;
GEM_PGSVR_USE_SSL = FALSE;
GEM_READ_AUTH_ERR_STUBS = FALSE;
GEM_REPOSITORY_IN_MEMORY = FALSE;
GEM_RPCGCI_TIMEOUT = 0;
GEM_RPC_KEEPALIVE_INTERVAL = 0;
GEM_RPC_USE_SSL = TRUE;
GEM_SOFTREF_CLEANUP_PERCENT_MEM = 50;
GEM_SOLO_EXTENT = "$GEMSTONE/bin/extent0.dbf";
GEM_STATMONITOR_ARGS = "";
GEM_STATMONITOR_MID_CACHE_ARGS = "";
GEM_TEMPOBJ_AGGRESSIVE_STUBBING = TRUE;
GEM_TEMPOBJ_CACHE_SIZE = 50000KB;
GEM_TEMPOBJ_CONSECUTIVE_MARKSWEEP_LIMIT = 50;
GEM_TEMPOBJ_MESPACE_SIZE = 0;
GEM_TEMPOBJ_OOMSTATS_CSV = FALSE;
GEM_TEMPOBJ_OOPMAP_SIZE = 0;
GEM_TEMPOBJ_PERMGEN_SIZE = 0;
GEM_TEMPOBJ_POMGEN_PRUNE_ON_VOTE = 90;
GEM_TEMPOBJ_POMGEN_SCAVENGE_INTERVAL = 1800;
GEM_TEMPOBJ_POMGEN_SIZE = 0;
GEM_TEMPOBJ_SCOPES_SIZE = 2000;
LOG_WARNINGS = TRUE;
SHR_NUM_FREE_FRAME_SERVERS = -1;
SHR_PAGE_CACHE_LARGE_MEMORY_PAGE_POLICY = 0;
SHR_PAGE_CACHE_LARGE_MEMORY_PAGE_SIZE_MB = 2MB;
SHR_PAGE_CACHE_LOCKED = FALSE;
SHR_PAGE_CACHE_NUM_PROCS = 117;
SHR_PAGE_CACHE_NUM_SHARED_COUNTERS = 1900;
SHR_PAGE_CACHE_PERMISSIONS = 0660;
SHR_PAGE_CACHE_SIZE_KB = 500000KB;
SHR_SPIN_LOCK_COUNT = 1;
SHR_TARGET_FREE_FRAME_COUNT = -1;
SHR_WELL_KNOWN_PORT_NUMBER = 0;
(vmGc spaceSizes: eden init 2048K max 9344K , survivor init 448K max 1600K,
 vmGc    old max 37440K, code max 10048K, perm max 5056K, pom 10 * 4224K = 42240K,
 vmGc    remSet 1156K, meSpace max 51524K oopMapSize 262144  max footprint 160M)
 _____________________________________________________________________________
|             GemStone/S64 Object-Oriented Data Management System             |
|                   Copyright (C) GemTalk Systems 1986-2019                   |
|                            All rights reserved.                             |
|                           Covered by U.S Patents:                           |
|      6,256,637 Transactional virtual machine architecture (1998-2018)       |
|        6,360,219 Object queues with concurrent updating (1998-2018)         |
|            6,567,905 Generational Garbage Collector (2001-2021)             |
|    6,681,226 Selective Pessimistic Locking for a Concurrently Updateable    |
|                            Database (2001-2021)                             |
+-----------------------------------------------------------------------------+
|    PROGRAM: topaz, Linear GemStone Interface (Linked Session)               |
|    VERSION: 3.5.1, Wed Nov 27 12:40:03 2019                                 |
|      BUILD: gss64_3_5_x_branch-47406                                        |
|  BUILT FOR: x86-64 (Linux)                                                  |
| RUNNING ON: 1-CPU localhost.localdomain x86_64 (Linux 3.10.0-1062.12.1.el7.x86_64
| #1 SMP Tue Feb 4 23:02:59 UTC 2020)                                         |
|  PROCESSOR: 1-core Intel(R) Core(TM) i7-3630QM CPU @ 2.40GHz (Ivy Bridge)   |
|     MEMORY: 972 MB                                                          |
| PROCESS ID: 14316     DATE: 03/05/2020 11:02:23 EST  (UTC -5:00)            |
|   USER IDS: REAL=gemstone (1000) EFFECTIVE=gemstone (1000) LOGIN=gemstone (1000)
+-----------------------------------------------------------------------------+
|   GEMSTONE_NRS_ALL = #dir:$GEMSTONE_LOGDIR#log:%N%P.log                     |
|_____________________________________________________________________________|
topaz> set user DataCurator password swordfish gemstone devKit_351b
topaz> login
[Info]: LNK client/gem GCI levels = 35100/35100
--- 03/05/2020 11:02:23.043 EST Login
[Info]: User ID: DataCurator
[Info]: Repository: devKit_351b
[Info]: Session ID: 6 login at 03/05/2020 11:02:23.048 EST
[Info]: GCI Client Host: <Linked>
[Info]: Page server PID: -1
[Info]: using libicu version 58.2
[Info]: Gave this process preference for OOM killer: wrote to /proc/14316/oom_score_adj value 250
[03/05/2020 11:02:23.065 EST]
  gci login: currSession 1  linked session 
successful login
 fileformat is now utf8
sourcestringclass is now Unicode16 
topaz 1> exec 
System beginTransaction.
OrbeonLayerAppLinuxScripts registerScript.
System commit.
%
true
topaz 1> exit
Logging out session 1.
--- 03/05/2020 11:02:23.309 EST Logging out
[92;1m...finished :: startTopaz devKit_351b -il[0m
[96;1m=================[0m
[96;1m   GsDevKit script: startTopaz devKit_351b -u WebServer -il[0m
[96;1m              path: /home/gemstone/GsDevKit_home/bin/startTopaz[0m
[96;1m=================[0m
[Info]: Loaded /home/gemstone/GsDevKit_home/server/stones/devKit_351b/product/lib/libgcilnk-3.5.1-64.so
 _____________________________________________________________________________
|                             Configuration Files                             |
|                                                                             |
| System File: /home/gemstone/GsDevKit_home/server/stones/devKit_351b/extents/system.conf
|                                                                             |
| Executable File: /home/gemstone/GsDevKit_home/server/stones/devKit_351b/gem.conf
|_____________________________________________________________________________|
Reading config file /home/gemstone/GsDevKit_home/server/stones/devKit_351b/extents/system.conf
Reading config file /home/gemstone/GsDevKit_home/server/stones/devKit_351b/gem.conf
 _____________________________________________________________________________
|               Gem Configuration Options for process id 14350                |
|_____________________________________________________________________________|

CONFIG_WARNINGS_FATAL = FALSE;
DUMP_OPTIONS = TRUE;
GEM_ABORT_MAX_CRS = 100000;
GEM_CACHE_WARMER_ARGS = "";
GEM_CACHE_WARMER_MID_CACHE_ARGS = "";
GEM_COMPRESS_TRANLOG_RECORDS = TRUE;
GEM_ENV = "";
GEM_FREE_FRAME_CACHE_SIZE = -1;
GEM_FREE_FRAME_LIMIT = -1;
GEM_FREE_PAGEIDS_CACHE = 200;
GEM_HALT_ON_ERROR = -1;
GEM_KEEP_MIN_SOFTREFS = 0;
GEM_KERBEROS_KEYTAB_FILE = "";
GEM_KEYRING_DIRS = "";
GEM_LISTEN_FOR_DEBUG = FALSE;
GEM_MAX_SMALLTALK_STACK_DEPTH = 1000;
GEM_NATIVE_CODE_ENABLED = 2;
GEM_PGSVR_COMPRESS_PAGE_TRANSFERS = TRUE;
GEM_PGSVR_FREE_FRAME_CACHE_SIZE = -1;
GEM_PGSVR_FREE_FRAME_LIMIT = -1;
GEM_PGSVR_UPDATE_CACHE_ON_READ = TRUE;
GEM_PGSVR_USE_SSL = FALSE;
GEM_READ_AUTH_ERR_STUBS = FALSE;
GEM_REPOSITORY_IN_MEMORY = FALSE;
GEM_RPCGCI_TIMEOUT = 0;
GEM_RPC_KEEPALIVE_INTERVAL = 0;
GEM_RPC_USE_SSL = TRUE;
GEM_SOFTREF_CLEANUP_PERCENT_MEM = 50;
GEM_SOLO_EXTENT = "$GEMSTONE/bin/extent0.dbf";
GEM_STATMONITOR_ARGS = "";
GEM_STATMONITOR_MID_CACHE_ARGS = "";
GEM_TEMPOBJ_AGGRESSIVE_STUBBING = TRUE;
GEM_TEMPOBJ_CACHE_SIZE = 50000KB;
GEM_TEMPOBJ_CONSECUTIVE_MARKSWEEP_LIMIT = 50;
GEM_TEMPOBJ_MESPACE_SIZE = 0;
GEM_TEMPOBJ_OOMSTATS_CSV = FALSE;
GEM_TEMPOBJ_OOPMAP_SIZE = 0;
GEM_TEMPOBJ_PERMGEN_SIZE = 0;
GEM_TEMPOBJ_POMGEN_PRUNE_ON_VOTE = 90;
GEM_TEMPOBJ_POMGEN_SCAVENGE_INTERVAL = 1800;
GEM_TEMPOBJ_POMGEN_SIZE = 0;
GEM_TEMPOBJ_SCOPES_SIZE = 2000;
LOG_WARNINGS = TRUE;
SHR_NUM_FREE_FRAME_SERVERS = -1;
SHR_PAGE_CACHE_LARGE_MEMORY_PAGE_POLICY = 0;
SHR_PAGE_CACHE_LARGE_MEMORY_PAGE_SIZE_MB = 2MB;
SHR_PAGE_CACHE_LOCKED = FALSE;
SHR_PAGE_CACHE_NUM_PROCS = 117;
SHR_PAGE_CACHE_NUM_SHARED_COUNTERS = 1900;
SHR_PAGE_CACHE_PERMISSIONS = 0660;
SHR_PAGE_CACHE_SIZE_KB = 500000KB;
SHR_SPIN_LOCK_COUNT = 1;
SHR_TARGET_FREE_FRAME_COUNT = -1;
SHR_WELL_KNOWN_PORT_NUMBER = 0;
(vmGc spaceSizes: eden init 2048K max 9344K , survivor init 448K max 1600K,
 vmGc    old max 37440K, code max 10048K, perm max 5056K, pom 10 * 4224K = 42240K,
 vmGc    remSet 1156K, meSpace max 51576K oopMapSize 262144  max footprint 160M)
 _____________________________________________________________________________
|             GemStone/S64 Object-Oriented Data Management System             |
|                   Copyright (C) GemTalk Systems 1986-2019                   |
|                            All rights reserved.                             |
|                           Covered by U.S Patents:                           |
|      6,256,637 Transactional virtual machine architecture (1998-2018)       |
|        6,360,219 Object queues with concurrent updating (1998-2018)         |
|            6,567,905 Generational Garbage Collector (2001-2021)             |
|    6,681,226 Selective Pessimistic Locking for a Concurrently Updateable    |
|                            Database (2001-2021)                             |
+-----------------------------------------------------------------------------+
|    PROGRAM: topaz, Linear GemStone Interface (Linked Session)               |
|    VERSION: 3.5.1, Wed Nov 27 12:40:03 2019                                 |
|      BUILD: gss64_3_5_x_branch-47406                                        |
|  BUILT FOR: x86-64 (Linux)                                                  |
| RUNNING ON: 1-CPU localhost.localdomain x86_64 (Linux 3.10.0-1062.12.1.el7.x86_64
| #1 SMP Tue Feb 4 23:02:59 UTC 2020)                                         |
|  PROCESSOR: 1-core Intel(R) Core(TM) i7-3630QM CPU @ 2.40GHz (Ivy Bridge)   |
|     MEMORY: 972 MB                                                          |
| PROCESS ID: 14350     DATE: 03/05/2020 11:02:31 EST  (UTC -5:00)            |
|   USER IDS: REAL=gemstone (1000) EFFECTIVE=gemstone (1000) LOGIN=gemstone (1000)
+-----------------------------------------------------------------------------+
|   GEMSTONE_NRS_ALL = #dir:$GEMSTONE_LOGDIR#log:%N%P.log                     |
|_____________________________________________________________________________|
topaz> set user DataCurator password swordfish gemstone devKit_351b
topaz> login
[Info]: LNK client/gem GCI levels = 35100/35100
--- 03/05/2020 11:02:30.568 EST Login
[Info]: User ID: DataCurator
[Info]: Repository: devKit_351b
[Info]: Session ID: 6 login at 03/05/2020 11:02:30.572 EST
[Info]: GCI Client Host: <Linked>
[Info]: Page server PID: -1
[Info]: using libicu version 58.2
[Info]: Gave this process preference for OOM killer: wrote to /proc/14350/oom_score_adj value 250
[03/05/2020 11:02:30.589 EST]
  gci login: currSession 1  linked session 
successful login
 fileformat is now utf8
sourcestringclass is now Unicode16 
topaz 1> exec 
   | handler commitThreshold usedMemory |
   commitThreshold := 80.
   handler := AlmostOutOfMemory addDefaultHandler: [ :ex | 
     Transcript show: ('AlmostOutOfMemory: ', ex printString); cr.
     System commitTransaction ifFalse: [Transcript show: 'AutoCommit failed'. nil error: 'AutoCommit failed' ].
     System _vmMarkSweep. "GC executed to remove unnecessary objects"
     Transcript show: ('GC Executed'); cr. 
     usedMemory := System _tempObjSpacePercentUsedLastMark.
     Transcript show: ('Used Memory: ', usedMemory printString); cr. 
     (usedMemory < commitThreshold)
     ifTrue: [System enableAlmostOutOfMemoryError]"we are cool the memory droped below threshold"
     ifFalse: [(ObjectLogEntry trace: 'AlmostOutOfMemory' object: (System _vmInstanceCounts: 3)) addToLog.
               System commitTransaction].
     ex resume.
   ].
   SessionTemps current at: #'AlmostOutOfMemoryStaticException' put: handler.
   System signalAlmostOutOfMemoryThreshold: commitThreshold.
  OrbeonLayerAppLinuxScripts startOnPortScript: 8787.
%
--transcript--'scriptLogEvent: ''performOnServer: OrbeonPersistenceLayer :: /home/gemstone/GsDevKit_home/server/stones/devKit_351b/logs/github-cache/GsDevKit/gsApplicationTools/master/GsDevKit-gsApplicationTools-b836f90/bin/startGemServerGem OrbeonPersistenceLayer "8787" "/home/gemstone/GsDevKit_home/server/stones/devKit_351b"'''
OrbeonLayerAppLinuxScripts
topaz 1> exit
Logging out session 1.
--- 03/05/2020 11:02:30.736 EST Logging out
[92;1m...finished :: startTopaz devKit_351b -u WebServer -il[0m
